{"C:\\Users\\User\\Documents\\lesson\\javascript\\JSpractice\\js коллекци\\src\\setsTheory\\setsAction.js": {"path":"C:\\Users\\User\\Documents\\lesson\\javascript\\JSpractice\\js коллекци\\src\\setsTheory\\setsAction.js","statementMap":{"0":{"start":{"line":1,"column":19},"end":{"line":3,"column":1}},"1":{"start":{"line":2,"column":2},"end":{"line":2,"column":63}},"2":{"start":{"line":2,"column":45},"end":{"line":2,"column":61}}},"fnMap":{"0":{"name":"(anonymous_0)","decl":{"start":{"line":1,"column":19},"end":{"line":1,"column":20}},"loc":{"start":{"line":2,"column":2},"end":{"line":2,"column":63}},"line":2},"1":{"name":"(anonymous_1)","decl":{"start":{"line":2,"column":34},"end":{"line":2,"column":35}},"loc":{"start":{"line":2,"column":45},"end":{"line":2,"column":61}},"line":2}},"branchMap":{},"s":{"0":1,"1":3,"2":8},"f":{"0":3,"1":8},"b":{},"_coverageSchema":"43e27e138ebf9cfc5966b082cf9a028302ed4184","hash":"db97b95db57005e7d79ffd5ddf3e4ecf3bd28864"}
}
