{"C:\\Users\\User\\Documents\\lesson\\javascript\\JSpractice\\js коллекци\\src\\constants\\arrayOperations.js": {"path":"C:\\Users\\User\\Documents\\lesson\\javascript\\JSpractice\\js коллекци\\src\\constants\\arrayOperations.js","statementMap":{"0":{"start":{"line":1,"column":17},"end":{"line":1,"column":26}},"1":{"start":{"line":2,"column":0},"end":{"line":2,"column":32}},"2":{"start":{"line":2,"column":28},"end":{"line":2,"column":30}},"3":{"start":{"line":3,"column":0},"end":{"line":3,"column":48}},"4":{"start":{"line":3,"column":36},"end":{"line":3,"column":46}},"5":{"start":{"line":4,"column":0},"end":{"line":6,"column":3}},"6":{"start":{"line":5,"column":2},"end":{"line":5,"column":61}}},"fnMap":{"0":{"name":"(anonymous_0)","decl":{"start":{"line":2,"column":22},"end":{"line":2,"column":23}},"loc":{"start":{"line":2,"column":28},"end":{"line":2,"column":30}},"line":2},"1":{"name":"(anonymous_1)","decl":{"start":{"line":3,"column":20},"end":{"line":3,"column":21}},"loc":{"start":{"line":3,"column":36},"end":{"line":3,"column":46}},"line":3},"2":{"name":"(anonymous_2)","decl":{"start":{"line":4,"column":23},"end":{"line":4,"column":24}},"loc":{"start":{"line":5,"column":2},"end":{"line":5,"column":61}},"line":5}},"branchMap":{},"s":{"0":5,"1":5,"2":2,"3":5,"4":2,"5":5,"6":2},"f":{"0":2,"1":2,"2":2},"b":{},"_coverageSchema":"43e27e138ebf9cfc5966b082cf9a028302ed4184","hash":"2f9241a885556317a7bc59e85b1b1d67509e0058"}
,"C:\\Users\\User\\Documents\\lesson\\javascript\\JSpractice\\js коллекци\\src\\helpers\\arrayHelper.js": {"path":"C:\\Users\\User\\Documents\\lesson\\javascript\\JSpractice\\js коллекци\\src\\helpers\\arrayHelper.js","statementMap":{"0":{"start":{"line":6,"column":13},"end":{"line":6,"column":78}},"1":{"start":{"line":6,"column":22},"end":{"line":6,"column":78}},"2":{"start":{"line":6,"column":50},"end":{"line":6,"column":77}},"3":{"start":{"line":11,"column":18},"end":{"line":13,"column":1}},"4":{"start":{"line":12,"column":2},"end":{"line":12,"column":68}},"5":{"start":{"line":12,"column":30},"end":{"line":12,"column":62}},"6":{"start":{"line":18,"column":26},"end":{"line":30,"column":1}},"7":{"start":{"line":19,"column":18},"end":{"line":28,"column":3}},"8":{"start":{"line":20,"column":16},"end":{"line":20,"column":26}},"9":{"start":{"line":21,"column":4},"end":{"line":25,"column":5}},"10":{"start":{"line":22,"column":6},"end":{"line":22,"column":20}},"11":{"start":{"line":24,"column":6},"end":{"line":24,"column":19}},"12":{"start":{"line":27,"column":4},"end":{"line":27,"column":15}},"13":{"start":{"line":29,"column":2},"end":{"line":29,"column":34}},"14":{"start":{"line":35,"column":28},"end":{"line":37,"column":1}},"15":{"start":{"line":36,"column":2},"end":{"line":36,"column":76}},"16":{"start":{"line":42,"column":27},"end":{"line":49,"column":1}},"17":{"start":{"line":43,"column":22},"end":{"line":43,"column":33}},"18":{"start":{"line":44,"column":2},"end":{"line":46,"column":3}},"19":{"start":{"line":45,"column":4},"end":{"line":45,"column":15}},"20":{"start":{"line":47,"column":2},"end":{"line":47,"column":79}},"21":{"start":{"line":48,"column":2},"end":{"line":48,"column":21}}},"fnMap":{"0":{"name":"(anonymous_0)","decl":{"start":{"line":6,"column":13},"end":{"line":6,"column":14}},"loc":{"start":{"line":6,"column":22},"end":{"line":6,"column":78}},"line":6},"1":{"name":"(anonymous_1)","decl":{"start":{"line":6,"column":33},"end":{"line":6,"column":34}},"loc":{"start":{"line":6,"column":50},"end":{"line":6,"column":77}},"line":6},"2":{"name":"(anonymous_2)","decl":{"start":{"line":11,"column":18},"end":{"line":11,"column":19}},"loc":{"start":{"line":12,"column":2},"end":{"line":12,"column":68}},"line":12},"3":{"name":"(anonymous_3)","decl":{"start":{"line":12,"column":14},"end":{"line":12,"column":15}},"loc":{"start":{"line":12,"column":30},"end":{"line":12,"column":62}},"line":12},"4":{"name":"(anonymous_4)","decl":{"start":{"line":18,"column":26},"end":{"line":18,"column":27}},"loc":{"start":{"line":18,"column":42},"end":{"line":30,"column":1}},"line":18},"5":{"name":"(anonymous_5)","decl":{"start":{"line":19,"column":18},"end":{"line":19,"column":19}},"loc":{"start":{"line":19,"column":33},"end":{"line":28,"column":3}},"line":19},"6":{"name":"(anonymous_6)","decl":{"start":{"line":35,"column":28},"end":{"line":35,"column":29}},"loc":{"start":{"line":36,"column":2},"end":{"line":36,"column":76}},"line":36},"7":{"name":"(anonymous_7)","decl":{"start":{"line":42,"column":27},"end":{"line":42,"column":28}},"loc":{"start":{"line":42,"column":43},"end":{"line":49,"column":1}},"line":42}},"branchMap":{"0":{"loc":{"start":{"line":21,"column":4},"end":{"line":25,"column":5}},"type":"if","locations":[{"start":{"line":21,"column":4},"end":{"line":25,"column":5}},{"start":{"line":21,"column":4},"end":{"line":25,"column":5}}],"line":21},"1":{"loc":{"start":{"line":35,"column":64},"end":{"line":35,"column":78}},"type":"default-arg","locations":[{"start":{"line":35,"column":70},"end":{"line":35,"column":78}}],"line":35},"2":{"loc":{"start":{"line":36,"column":2},"end":{"line":36,"column":76}},"type":"cond-expr","locations":[{"start":{"line":36,"column":27},"end":{"line":36,"column":69}},{"start":{"line":36,"column":72},"end":{"line":36,"column":76}}],"line":36},"3":{"loc":{"start":{"line":44,"column":2},"end":{"line":46,"column":3}},"type":"if","locations":[{"start":{"line":44,"column":2},"end":{"line":46,"column":3}},{"start":{"line":44,"column":2},"end":{"line":46,"column":3}}],"line":44},"4":{"loc":{"start":{"line":44,"column":6},"end":{"line":44,"column":52}},"type":"binary-expr","locations":[{"start":{"line":44,"column":6},"end":{"line":44,"column":17}},{"start":{"line":44,"column":21},"end":{"line":44,"column":52}}],"line":44}},"s":{"0":5,"1":3,"2":10,"3":5,"4":2,"5":5,"6":5,"7":3,"8":10,"9":10,"10":2,"11":8,"12":10,"13":3,"14":5,"15":6,"16":5,"17":4,"18":4,"19":2,"20":2,"21":2},"f":{"0":3,"1":10,"2":2,"3":5,"4":3,"5":10,"6":6,"7":4},"b":{"0":[2,8],"1":[6],"2":[6,0],"3":[2,2],"4":[4,3]},"_coverageSchema":"43e27e138ebf9cfc5966b082cf9a028302ed4184","hash":"20c0650576c1e66151e05ee7ef99fd09efc4b1a9"}
,"C:\\Users\\User\\Documents\\lesson\\javascript\\JSpractice\\js коллекци\\src\\setsTheory\\setsAction.js": {"path":"C:\\Users\\User\\Documents\\lesson\\javascript\\JSpractice\\js коллекци\\src\\setsTheory\\setsAction.js","statementMap":{"0":{"start":{"line":1,"column":19},"end":{"line":3,"column":1}},"1":{"start":{"line":2,"column":2},"end":{"line":2,"column":63}},"2":{"start":{"line":2,"column":45},"end":{"line":2,"column":61}}},"fnMap":{"0":{"name":"(anonymous_0)","decl":{"start":{"line":1,"column":19},"end":{"line":1,"column":20}},"loc":{"start":{"line":2,"column":2},"end":{"line":2,"column":63}},"line":2},"1":{"name":"(anonymous_1)","decl":{"start":{"line":2,"column":34},"end":{"line":2,"column":35}},"loc":{"start":{"line":2,"column":45},"end":{"line":2,"column":61}},"line":2}},"branchMap":{},"s":{"0":1,"1":3,"2":8},"f":{"0":3,"1":8},"b":{},"_coverageSchema":"43e27e138ebf9cfc5966b082cf9a028302ed4184","hash":"db97b95db57005e7d79ffd5ddf3e4ecf3bd28864"}
,"C:\\Users\\User\\Documents\\lesson\\javascript\\JSpractice\\js коллекци\\src\\setsTheory\\classes\\Enumerable.js": {"path":"C:\\Users\\User\\Documents\\lesson\\javascript\\JSpractice\\js коллекци\\src\\setsTheory\\classes\\Enumerable.js","statementMap":{"0":{"start":{"line":5,"column":4},"end":{"line":5,"column":33}},"1":{"start":{"line":6,"column":4},"end":{"line":6,"column":39}},"2":{"start":{"line":10,"column":4},"end":{"line":10,"column":79}},"3":{"start":{"line":14,"column":4},"end":{"line":14,"column":46}},"4":{"start":{"line":14,"column":32},"end":{"line":14,"column":44}},"5":{"start":{"line":18,"column":19},"end":{"line":23,"column":5}},"6":{"start":{"line":25,"column":24},"end":{"line":46,"column":5}},"7":{"start":{"line":26,"column":28},"end":{"line":43,"column":8}},"8":{"start":{"line":27,"column":19},"end":{"line":27,"column":24}},"9":{"start":{"line":28,"column":19},"end":{"line":28,"column":24}},"10":{"start":{"line":30,"column":8},"end":{"line":34,"column":9}},"11":{"start":{"line":31,"column":10},"end":{"line":33,"column":41}},"12":{"start":{"line":36,"column":8},"end":{"line":40,"column":9}},"13":{"start":{"line":37,"column":10},"end":{"line":39,"column":41}},"14":{"start":{"line":42,"column":8},"end":{"line":42,"column":17}},"15":{"start":{"line":45,"column":6},"end":{"line":45,"column":27}},"16":{"start":{"line":48,"column":4},"end":{"line":48,"column":35}},"17":{"start":{"line":52,"column":19},"end":{"line":65,"column":5}},"18":{"start":{"line":54,"column":8},"end":{"line":56,"column":9}},"19":{"start":{"line":55,"column":10},"end":{"line":55,"column":45}},"20":{"start":{"line":55,"column":27},"end":{"line":55,"column":44}},"21":{"start":{"line":58,"column":19},"end":{"line":62,"column":9}},"22":{"start":{"line":58,"column":29},"end":{"line":62,"column":9}},"23":{"start":{"line":59,"column":23},"end":{"line":61,"column":11}},"24":{"start":{"line":60,"column":21},"end":{"line":60,"column":47}},"25":{"start":{"line":63,"column":8},"end":{"line":63,"column":18}},"26":{"start":{"line":66,"column":4},"end":{"line":66,"column":30}},"27":{"start":{"line":70,"column":4},"end":{"line":80,"column":8}},"28":{"start":{"line":71,"column":24},"end":{"line":71,"column":42}},"29":{"start":{"line":74,"column":10},"end":{"line":77,"column":11}},"30":{"start":{"line":84,"column":4},"end":{"line":86,"column":5}},"31":{"start":{"line":85,"column":6},"end":{"line":85,"column":88}},"32":{"start":{"line":85,"column":54},"end":{"line":85,"column":61}},"33":{"start":{"line":87,"column":4},"end":{"line":87,"column":29}},"34":{"start":{"line":91,"column":4},"end":{"line":91,"column":33}}},"fnMap":{"0":{"name":"(anonymous_0)","decl":{"start":{"line":4,"column":2},"end":{"line":4,"column":3}},"loc":{"start":{"line":4,"column":38},"end":{"line":7,"column":3}},"line":4},"1":{"name":"(anonymous_1)","decl":{"start":{"line":9,"column":2},"end":{"line":9,"column":3}},"loc":{"start":{"line":9,"column":12},"end":{"line":11,"column":3}},"line":9},"2":{"name":"(anonymous_2)","decl":{"start":{"line":13,"column":2},"end":{"line":13,"column":3}},"loc":{"start":{"line":13,"column":13},"end":{"line":15,"column":3}},"line":13},"3":{"name":"(anonymous_3)","decl":{"start":{"line":14,"column":22},"end":{"line":14,"column":23}},"loc":{"start":{"line":14,"column":32},"end":{"line":14,"column":44}},"line":14},"4":{"name":"(anonymous_4)","decl":{"start":{"line":17,"column":2},"end":{"line":17,"column":3}},"loc":{"start":{"line":17,"column":29},"end":{"line":49,"column":3}},"line":17},"5":{"name":"(anonymous_5)","decl":{"start":{"line":25,"column":24},"end":{"line":25,"column":25}},"loc":{"start":{"line":25,"column":34},"end":{"line":46,"column":5}},"line":25},"6":{"name":"(anonymous_6)","decl":{"start":{"line":26,"column":46},"end":{"line":26,"column":47}},"loc":{"start":{"line":26,"column":56},"end":{"line":43,"column":7}},"line":26},"7":{"name":"(anonymous_7)","decl":{"start":{"line":51,"column":2},"end":{"line":51,"column":3}},"loc":{"start":{"line":51,"column":30},"end":{"line":67,"column":3}},"line":51},"8":{"name":"(anonymous_8)","decl":{"start":{"line":53,"column":6},"end":{"line":53,"column":7}},"loc":{"start":{"line":53,"column":16},"end":{"line":64,"column":7}},"line":53},"9":{"name":"(anonymous_9)","decl":{"start":{"line":55,"column":17},"end":{"line":55,"column":18}},"loc":{"start":{"line":55,"column":27},"end":{"line":55,"column":44}},"line":55},"10":{"name":"(anonymous_10)","decl":{"start":{"line":58,"column":19},"end":{"line":58,"column":20}},"loc":{"start":{"line":58,"column":29},"end":{"line":62,"column":9}},"line":58},"11":{"name":"(anonymous_11)","decl":{"start":{"line":59,"column":10},"end":{"line":59,"column":11}},"loc":{"start":{"line":59,"column":23},"end":{"line":61,"column":11}},"line":59},"12":{"name":"(anonymous_12)","decl":{"start":{"line":60,"column":12},"end":{"line":60,"column":13}},"loc":{"start":{"line":60,"column":21},"end":{"line":60,"column":47}},"line":60},"13":{"name":"(anonymous_13)","decl":{"start":{"line":69,"column":2},"end":{"line":69,"column":3}},"loc":{"start":{"line":69,"column":27},"end":{"line":81,"column":3}},"line":69},"14":{"name":"(anonymous_14)","decl":{"start":{"line":71,"column":14},"end":{"line":71,"column":15}},"loc":{"start":{"line":71,"column":24},"end":{"line":71,"column":42}},"line":71},"15":{"name":"(anonymous_15)","decl":{"start":{"line":73,"column":8},"end":{"line":73,"column":9}},"loc":{"start":{"line":74,"column":10},"end":{"line":77,"column":11}},"line":74},"16":{"name":"(anonymous_16)","decl":{"start":{"line":83,"column":2},"end":{"line":83,"column":3}},"loc":{"start":{"line":83,"column":12},"end":{"line":88,"column":3}},"line":83},"17":{"name":"(anonymous_17)","decl":{"start":{"line":85,"column":41},"end":{"line":85,"column":42}},"loc":{"start":{"line":85,"column":54},"end":{"line":85,"column":61}},"line":85},"18":{"name":"(anonymous_18)","decl":{"start":{"line":90,"column":2},"end":{"line":90,"column":3}},"loc":{"start":{"line":90,"column":15},"end":{"line":92,"column":3}},"line":90}},"branchMap":{"0":{"loc":{"start":{"line":6,"column":22},"end":{"line":6,"column":38}},"type":"binary-expr","locations":[{"start":{"line":6,"column":22},"end":{"line":6,"column":32}},{"start":{"line":6,"column":36},"end":{"line":6,"column":38}}],"line":6},"1":{"loc":{"start":{"line":17,"column":14},"end":{"line":17,"column":27}},"type":"default-arg","locations":[{"start":{"line":17,"column":22},"end":{"line":17,"column":27}}],"line":17},"2":{"loc":{"start":{"line":30,"column":8},"end":{"line":34,"column":9}},"type":"if","locations":[{"start":{"line":30,"column":8},"end":{"line":34,"column":9}},{"start":{"line":30,"column":8},"end":{"line":34,"column":9}}],"line":30},"3":{"loc":{"start":{"line":31,"column":17},"end":{"line":33,"column":40}},"type":"cond-expr","locations":[{"start":{"line":32,"column":14},"end":{"line":32,"column":40}},{"start":{"line":33,"column":14},"end":{"line":33,"column":40}}],"line":31},"4":{"loc":{"start":{"line":36,"column":8},"end":{"line":40,"column":9}},"type":"if","locations":[{"start":{"line":36,"column":8},"end":{"line":40,"column":9}},{"start":{"line":36,"column":8},"end":{"line":40,"column":9}}],"line":36},"5":{"loc":{"start":{"line":37,"column":17},"end":{"line":39,"column":40}},"type":"cond-expr","locations":[{"start":{"line":38,"column":14},"end":{"line":38,"column":40}},{"start":{"line":39,"column":14},"end":{"line":39,"column":40}}],"line":37},"6":{"loc":{"start":{"line":54,"column":8},"end":{"line":56,"column":9}},"type":"if","locations":[{"start":{"line":54,"column":8},"end":{"line":56,"column":9}},{"start":{"line":54,"column":8},"end":{"line":56,"column":9}}],"line":54},"7":{"loc":{"start":{"line":84,"column":4},"end":{"line":86,"column":5}},"type":"if","locations":[{"start":{"line":84,"column":4},"end":{"line":86,"column":5}},{"start":{"line":84,"column":4},"end":{"line":86,"column":5}}],"line":84}},"s":{"0":4,"1":4,"2":3,"3":1,"4":1,"5":1,"6":1,"7":1,"8":4,"9":4,"10":4,"11":1,"12":3,"13":3,"14":0,"15":1,"16":1,"17":1,"18":1,"19":1,"20":1,"21":0,"22":0,"23":0,"24":0,"25":0,"26":1,"27":1,"28":3,"29":3,"30":5,"31":4,"32":3,"33":5,"34":1},"f":{"0":4,"1":3,"2":1,"3":1,"4":1,"5":1,"6":4,"7":1,"8":1,"9":1,"10":0,"11":0,"12":0,"13":1,"14":3,"15":3,"16":5,"17":3,"18":1},"b":{"0":[4,1],"1":[1],"2":[1,3],"3":[1,0],"4":[3,0],"5":[3,0],"6":[1,0],"7":[4,1]},"_coverageSchema":"43e27e138ebf9cfc5966b082cf9a028302ed4184","hash":"88e0d2ebaf3d13ceb9701df7ca9f55e4165440e2"}
}
