TN:
SF:C:\Users\User\Documents\lesson\javascript\JSpractice\js коллекци\src\constants\arrayOperations.js
FN:2,(anonymous_0)
FN:3,(anonymous_1)
FN:4,(anonymous_2)
FNF:3
FNH:3
FNDA:2,(anonymous_0)
FNDA:2,(anonymous_1)
FNDA:2,(anonymous_2)
DA:1,5
DA:2,5
DA:3,5
DA:4,5
DA:5,2
LF:5
LH:5
BRF:0
BRH:0
end_of_record
TN:
SF:C:\Users\User\Documents\lesson\javascript\JSpractice\js коллекци\src\helpers\arrayHelper.js
FN:6,(anonymous_0)
FN:6,(anonymous_1)
FN:11,(anonymous_2)
FN:12,(anonymous_3)
FN:18,(anonymous_4)
FN:19,(anonymous_5)
FN:35,(anonymous_6)
FN:42,(anonymous_7)
FNF:8
FNH:8
FNDA:3,(anonymous_0)
FNDA:10,(anonymous_1)
FNDA:2,(anonymous_2)
FNDA:5,(anonymous_3)
FNDA:3,(anonymous_4)
FNDA:10,(anonymous_5)
FNDA:6,(anonymous_6)
FNDA:4,(anonymous_7)
DA:6,10
DA:11,5
DA:12,5
DA:18,5
DA:19,3
DA:20,10
DA:21,10
DA:22,2
DA:24,8
DA:27,10
DA:29,3
DA:35,5
DA:36,6
DA:42,5
DA:43,4
DA:44,4
DA:45,2
DA:47,2
DA:48,2
LF:19
LH:19
BRDA:21,0,0,2
BRDA:21,0,1,8
BRDA:35,1,0,6
BRDA:36,2,0,6
BRDA:36,2,1,0
BRDA:44,3,0,2
BRDA:44,3,1,2
BRDA:44,4,0,4
BRDA:44,4,1,3
BRF:9
BRH:8
end_of_record
TN:
SF:C:\Users\User\Documents\lesson\javascript\JSpractice\js коллекци\src\setsTheory\setsAction.js
FN:1,(anonymous_0)
FN:2,(anonymous_1)
FNF:2
FNH:2
FNDA:3,(anonymous_0)
FNDA:8,(anonymous_1)
DA:1,1
DA:2,8
LF:2
LH:2
BRF:0
BRH:0
end_of_record
TN:
SF:C:\Users\User\Documents\lesson\javascript\JSpractice\js коллекци\src\setsTheory\classes\Enumerable.js
FN:4,(anonymous_0)
FN:9,(anonymous_1)
FN:13,(anonymous_2)
FN:14,(anonymous_3)
FN:17,(anonymous_4)
FN:25,(anonymous_5)
FN:26,(anonymous_6)
FN:51,(anonymous_7)
FN:53,(anonymous_8)
FN:55,(anonymous_9)
FN:58,(anonymous_10)
FN:59,(anonymous_11)
FN:60,(anonymous_12)
FN:69,(anonymous_13)
FN:71,(anonymous_14)
FN:73,(anonymous_15)
FN:83,(anonymous_16)
FN:85,(anonymous_17)
FN:90,(anonymous_18)
FNF:19
FNH:16
FNDA:4,(anonymous_0)
FNDA:3,(anonymous_1)
FNDA:1,(anonymous_2)
FNDA:1,(anonymous_3)
FNDA:1,(anonymous_4)
FNDA:1,(anonymous_5)
FNDA:4,(anonymous_6)
FNDA:1,(anonymous_7)
FNDA:1,(anonymous_8)
FNDA:1,(anonymous_9)
FNDA:0,(anonymous_10)
FNDA:0,(anonymous_11)
FNDA:0,(anonymous_12)
FNDA:1,(anonymous_13)
FNDA:3,(anonymous_14)
FNDA:3,(anonymous_15)
FNDA:5,(anonymous_16)
FNDA:3,(anonymous_17)
FNDA:1,(anonymous_18)
DA:5,4
DA:6,4
DA:10,3
DA:14,1
DA:18,1
DA:25,1
DA:26,1
DA:27,4
DA:28,4
DA:30,4
DA:31,1
DA:36,3
DA:37,3
DA:42,0
DA:45,1
DA:48,1
DA:52,1
DA:54,1
DA:55,1
DA:58,0
DA:59,0
DA:60,0
DA:63,0
DA:66,1
DA:70,1
DA:71,3
DA:74,3
DA:84,5
DA:85,4
DA:87,5
DA:91,1
LF:31
LH:26
BRDA:6,0,0,4
BRDA:6,0,1,1
BRDA:17,1,0,1
BRDA:30,2,0,1
BRDA:30,2,1,3
BRDA:31,3,0,1
BRDA:31,3,1,0
BRDA:36,4,0,3
BRDA:36,4,1,0
BRDA:37,5,0,3
BRDA:37,5,1,0
BRDA:54,6,0,1
BRDA:54,6,1,0
BRDA:84,7,0,4
BRDA:84,7,1,1
BRF:15
BRH:11
end_of_record
